<?xml version="1.0" encoding="UTF-8"?>
<!-- Generated by org.testng.reporters.JUnitReportReporter -->
<testsuite hostname="ashish" failures="0" tests="2" name="AllTestCases.First_testcase" time="39.908" errors="0" timestamp="2023-03-21T14:06:07 IST" skipped="0">
  <testcase classname="AllTestCases.First_testcase" name="testcase1" time="21.783"/>
  <system-out/>
  <testcase classname="AllTestCases.First_testcase" name="LoginTest" time="18.125"/>
  <system-out/>
</testsuite> <!-- AllTestCases.First_testcase -->
